<?xml version="1.0" encoding="UTF-8"?>
<!-- Generated by org.testng.reporters.JUnitXMLReporter -->
<testsuite ignored="0" hostname="MSI" failures="2" tests="2" name="Surefire test" time="21.738" errors="0" timestamp="2025-07-04T10:18:24 IST">
  <testcase classname="com.parabankautomation.testcases.LoginTest" name="TC001_LoginWithValidCredentials" time="0.156">
    <failure type="java.lang.NullPointerException">
      <![CDATA[java.lang.NullPointerException
at com.parabankautomation.pages.LoginPage.LoginWithValidCredentialsAndVerifyTitle(LoginPage.java:64)
at com.parabankautomation.testcases.LoginTest.TC001_LoginWithValidCredentials(LoginTest.java:22)
at java.base/java.util.ArrayList.forEach(ArrayList.java:1541)
... Removed 32 stack frames]]>
    </failure>
  </testcase> <!-- TC001_LoginWithValidCredentials -->
  <testcase classname="com.parabankautomation.testcases.LoginTest" name="TC002_LoginWithValidusernameInvalidPassword" time="0.14">
    <failure type="java.lang.NullPointerException">
      <![CDATA[java.lang.NullPointerException
at com.parabankautomation.pages.LoginPage.LoginWithValidUsernameInvalidPassword(LoginPage.java:85)
at com.parabankautomation.testcases.LoginTest.TC002_LoginWithValidusernameInvalidPassword(LoginTest.java:29)
at java.base/java.util.ArrayList.forEach(ArrayList.java:1541)
... Removed 32 stack frames]]>
    </failure>
  </testcase> <!-- TC002_LoginWithValidusernameInvalidPassword -->
</testsuite> <!-- Surefire test -->
